[35m[1mConsolidate compiler generated dependencies of target firstPublisher[0m
[ 50%] Built target firstSubscriber
[ 75%] [32mBuilding CXX object CMakeFiles/firstPublisher.dir/src/first_publisher.cpp.o[0m
In file included from [01m[K/home/etharialle/github/ros_beginner/src/time_sync/src/first_publisher.cpp:8[m[K:
[01m[K/home/etharialle/github/ros_beginner/src/time_sync/src/first_publisher.yaml:1:14:[m[K [01;31m[Kerror: [m[Kfound â€˜[01m[K:[m[Kâ€™ in nested-name-specifier, expected â€˜[01m[K::[m[Kâ€™
    1 | output_topics[01;31m[K:[m[K first_publisher/test_topic1
      |              [01;31m[K^[m[K
      |              [32m[K::[m[K
[01m[K/home/etharialle/github/ros_beginner/src/time_sync/src/first_publisher.yaml:1:1:[m[K [01;31m[Kerror: [m[Kâ€˜[01m[Koutput_topics[m[Kâ€™ does not name a type
    1 | [01;31m[Koutput_topics[m[K: first_publisher/test_topic1
      | [01;31m[K^~~~~~~~~~~~~[m[K
In file included from [01m[K/opt/ros/iron/include/rclcpp/rclcpp/rclcpp.hpp:164[m[K,
                 from [01m[K/home/etharialle/github/ros_beginner/src/time_sync/src/first_publisher.cpp:10[m[K:
[01m[K/usr/include/c++/11/csignal:52:11:[m[K [01;31m[Kerror: [m[Kâ€˜[01m[Ksig_atomic_t[m[Kâ€™ has not been declared in â€˜[01m[K::[m[Kâ€™
   52 |   using ::[01;31m[Ksig_atomic_t[m[K;
      |           [01;31m[K^~~~~~~~~~~~[m[K
[01m[K/usr/include/c++/11/csignal:53:11:[m[K [01;31m[Kerror: [m[Kâ€˜[01m[Ksignal[m[Kâ€™ has not been declared in â€˜[01m[K::[m[Kâ€™
   53 |   using ::[01;31m[Ksignal[m[K;
      |           [01;31m[K^~~~~~[m[K
[01m[K/usr/include/c++/11/csignal:54:11:[m[K [01;31m[Kerror: [m[Kâ€˜[01m[Kraise[m[Kâ€™ has not been declared in â€˜[01m[K::[m[Kâ€™
   54 |   using ::[01;31m[Kraise[m[K;
      |           [01;31m[K^~~~~[m[K
gmake[2]: *** [CMakeFiles/firstPublisher.dir/build.make:76: CMakeFiles/firstPublisher.dir/src/first_publisher.cpp.o] Error 1
gmake[1]: *** [CMakeFiles/Makefile2:139: CMakeFiles/firstPublisher.dir/all] Error 2
gmake: *** [Makefile:146: all] Error 2
