[0.005s] Invoking command in '/home/etharialle/github/ros_beginner/build/time_sync': CMAKE_PREFIX_PATH=${CMAKE_PREFIX_PATH}:/opt/ros/iron /usr/bin/cmake --build /home/etharialle/github/ros_beginner/build/time_sync -- -j32 -l32
[0.029s] [35m[1mConsolidate compiler generated dependencies of target firstPublisher[0m
[0.034s] [ 50%] Built target firstSubscriber
[0.038s] [ 75%] [32mBuilding CXX object CMakeFiles/firstPublisher.dir/src/first_publisher.cpp.o[0m
[1.067s] [01m[K/home/etharialle/github/ros_beginner/src/time_sync/src/first_publisher.cpp:[m[K In constructor â€˜[01m[KMinimalPublisher::MinimalPublisher()[m[Kâ€™:
[1.068s] [01m[K/home/etharialle/github/ros_beginner/src/time_sync/src/first_publisher.cpp:26:59:[m[K [01;31m[Kerror: [m[Kâ€˜[01m[Kcurrent_path[m[Kâ€™ is not a member of â€˜[01m[Kstd::filesystem[m[Kâ€™; did you mean â€˜[01m[Krcpputils::fs::current_path[m[Kâ€™?
[1.068s]    26 |         std::cout << "Current path: " << std::filesystem::[01;31m[Kcurrent_path[m[K() << std::endl;
[1.068s]       |                                                           [01;31m[K^~~~~~~~~~~~[m[K
[1.068s] In file included from [01m[K/opt/ros/iron/include/rclcpp/rclcpp/logger.hpp:26[m[K,
[1.068s]                  from [01m[K/opt/ros/iron/include/rclcpp/rclcpp/logging.hpp:23[m[K,
[1.068s]                  from [01m[K/opt/ros/iron/include/rclcpp/rclcpp/client.hpp:43[m[K,
[1.068s]                  from [01m[K/opt/ros/iron/include/rclcpp/rclcpp/callback_group.hpp:24[m[K,
[1.068s]                  from [01m[K/opt/ros/iron/include/rclcpp/rclcpp/any_executable.hpp:20[m[K,
[1.068s]                  from [01m[K/opt/ros/iron/include/rclcpp/rclcpp/memory_strategy.hpp:25[m[K,
[1.068s]                  from [01m[K/opt/ros/iron/include/rclcpp/rclcpp/memory_strategies.hpp:18[m[K,
[1.068s]                  from [01m[K/opt/ros/iron/include/rclcpp/rclcpp/executor_options.hpp:20[m[K,
[1.068s]                  from [01m[K/opt/ros/iron/include/rclcpp/rclcpp/executor.hpp:37[m[K,
[1.068s]                  from [01m[K/opt/ros/iron/include/rclcpp/rclcpp/executors/multi_threaded_executor.hpp:25[m[K,
[1.068s]                  from [01m[K/opt/ros/iron/include/rclcpp/rclcpp/executors.hpp:21[m[K,
[1.068s]                  from [01m[K/opt/ros/iron/include/rclcpp/rclcpp/rclcpp.hpp:167[m[K,
[1.068s]                  from [01m[K/home/etharialle/github/ros_beginner/src/time_sync/src/first_publisher.cpp:9[m[K:
[1.068s] [01m[K/opt/ros/iron/include/rcpputils/rcpputils/filesystem_helper.hpp:298:23:[m[K [01;36m[Knote: [m[Kâ€˜[01m[Krcpputils::fs::current_path[m[Kâ€™ declared here
[1.068s]   298 | RCPPUTILS_PUBLIC path [01;36m[Kcurrent_path[m[K();
[1.068s]       |                       [01;36m[K^~~~~~~~~~~~[m[K
[1.549s] gmake[2]: *** [CMakeFiles/firstPublisher.dir/build.make:76: CMakeFiles/firstPublisher.dir/src/first_publisher.cpp.o] Error 1
[1.549s] gmake[1]: *** [CMakeFiles/Makefile2:139: CMakeFiles/firstPublisher.dir/all] Error 2
[1.549s] gmake: *** [Makefile:146: all] Error 2
[1.551s] Invoked command in '/home/etharialle/github/ros_beginner/build/time_sync' returned '2': CMAKE_PREFIX_PATH=${CMAKE_PREFIX_PATH}:/opt/ros/iron /usr/bin/cmake --build /home/etharialle/github/ros_beginner/build/time_sync -- -j32 -l32
