[0.005s] Invoking command in '/home/etharialle/github/ros_beginner/build/time_sync': CMAKE_PREFIX_PATH=${CMAKE_PREFIX_PATH}:/opt/ros/iron /usr/bin/cmake --build /home/etharialle/github/ros_beginner/build/time_sync -- -j32 -l32
[0.027s] [35m[1mConsolidate compiler generated dependencies of target firstPublisher[0m
[0.039s] [ 50%] Built target firstSubscriber
[0.039s] [ 75%] [32mBuilding CXX object CMakeFiles/firstPublisher.dir/src/first_publisher.cpp.o[0m
[1.100s] [01m[K/home/etharialle/github/ros_beginner/src/time_sync/src/first_publisher.cpp:[m[K In constructor â€˜[01m[KMinimalPublisher::MinimalPublisher()[m[Kâ€™:
[1.100s] [01m[K/home/etharialle/github/ros_beginner/src/time_sync/src/first_publisher.cpp:26:40:[m[K [01;31m[Kerror: [m[Kâ€˜[01m[Kament_index_cpp[m[Kâ€™ has not been declared
[1.100s]    26 |         std::string config_file_path = [01;31m[Kament_index_cpp[m[K::get_resource("time_sync", "first_publisher.yaml");
[1.100s]       |                                        [01;31m[K^~~~~~~~~~~~~~~[m[K
[1.615s] gmake[2]: *** [CMakeFiles/firstPublisher.dir/build.make:76: CMakeFiles/firstPublisher.dir/src/first_publisher.cpp.o] Error 1
[1.615s] gmake[1]: *** [CMakeFiles/Makefile2:139: CMakeFiles/firstPublisher.dir/all] Error 2
[1.616s] gmake: *** [Makefile:146: all] Error 2
[1.617s] Invoked command in '/home/etharialle/github/ros_beginner/build/time_sync' returned '2': CMAKE_PREFIX_PATH=${CMAKE_PREFIX_PATH}:/opt/ros/iron /usr/bin/cmake --build /home/etharialle/github/ros_beginner/build/time_sync -- -j32 -l32
