[0.005s] Invoking command in '/home/etharialle/github/ros_beginner/build/time_sync': CMAKE_PREFIX_PATH=${CMAKE_PREFIX_PATH}:/opt/ros/iron /usr/bin/cmake --build /home/etharialle/github/ros_beginner/build/time_sync -- -j32 -l32
[0.032s] [35m[1mConsolidate compiler generated dependencies of target firstPublisher[0m
[0.032s] [35m[1mConsolidate compiler generated dependencies of target firstSubscriber[0m
[0.043s] [ 25%] [32mBuilding CXX object CMakeFiles/firstPublisher.dir/src/first_publisher.cpp.o[0m
[0.046s] [ 75%] Built target firstSubscriber
[1.100s] [01m[K/home/etharialle/github/ros_beginner/src/time_sync/src/first_publisher.cpp:[m[K In constructor â€˜[01m[KMinimalPublisher::MinimalPublisher()[m[Kâ€™:
[1.100s] [01m[K/home/etharialle/github/ros_beginner/src/time_sync/src/first_publisher.cpp:22:42:[m[K [01;31m[Kerror: [m[Kâ€˜[01m[Kconfig_file[m[Kâ€™ was not declared in this scope
[1.100s]    22 |       YAML::Node config = YAML::LoadFile([01;31m[Kconfig_file[m[K);
[1.100s]       |                                          [01;31m[K^~~~~~~~~~~[m[K
[1.103s] [01m[K/home/etharialle/github/ros_beginner/src/time_sync/src/first_publisher.cpp:33:66:[m[K [01;31m[Kerror: [m[Kâ€˜[01m[Ktopic_name[m[Kâ€™ was not declared in this scope; did you mean â€˜[01m[Ktypename[m[Kâ€™?
[1.104s]    33 |       publisher_ = this->create_publisher<std_msgs::msg::String>([01;31m[Ktopic_name[m[K, 10);
[1.104s]       |                                                                  [01;31m[K^~~~~~~~~~[m[K
[1.104s]       |                                                                  [32m[Ktypename[m[K
[1.563s] gmake[2]: *** [CMakeFiles/firstPublisher.dir/build.make:76: CMakeFiles/firstPublisher.dir/src/first_publisher.cpp.o] Error 1
[1.563s] gmake[1]: *** [CMakeFiles/Makefile2:139: CMakeFiles/firstPublisher.dir/all] Error 2
[1.563s] gmake: *** [Makefile:146: all] Error 2
[1.565s] Invoked command in '/home/etharialle/github/ros_beginner/build/time_sync' returned '2': CMAKE_PREFIX_PATH=${CMAKE_PREFIX_PATH}:/opt/ros/iron /usr/bin/cmake --build /home/etharialle/github/ros_beginner/build/time_sync -- -j32 -l32
