[0.005s] Invoking command in '/home/etharialle/github/ros_beginner/build/time_sync': CMAKE_PREFIX_PATH=${CMAKE_PREFIX_PATH}:/opt/ros/iron /usr/bin/cmake --build /home/etharialle/github/ros_beginner/build/time_sync -- -j32 -l32
[0.029s] [35m[1mConsolidate compiler generated dependencies of target firstPublisher[0m
[0.042s] [ 25%] [32mBuilding CXX object CMakeFiles/firstPublisher.dir/src/first_publisher.cpp.o[0m
[0.044s] [ 75%] Built target firstSubscriber
[0.345s] In file included from [01m[K/home/etharialle/github/ros_beginner/src/time_sync/src/first_publisher.cpp:8[m[K:
[0.346s] [01m[K/home/etharialle/github/ros_beginner/src/time_sync/src/first_publisher.yaml:1:1:[m[K [01;31m[Kerror: [m[Kâ€˜[01m[Koutput_topics[m[Kâ€™ does not name a type
[0.346s]     1 | [01;31m[Koutput_topics[m[K: "first_publisher/test_topic1"
[0.346s]       | [01;31m[K^~~~~~~~~~~~~[m[K
[0.346s] In file included from [01m[K/opt/ros/iron/include/rclcpp/rclcpp/rclcpp.hpp:164[m[K,
[0.346s]                  from [01m[K/home/etharialle/github/ros_beginner/src/time_sync/src/first_publisher.cpp:10[m[K:
[0.346s] [01m[K/usr/include/c++/11/csignal:52:11:[m[K [01;31m[Kerror: [m[Kâ€˜[01m[Ksig_atomic_t[m[Kâ€™ has not been declared in â€˜[01m[K::[m[Kâ€™
[0.346s]    52 |   using ::[01;31m[Ksig_atomic_t[m[K;
[0.346s]       |           [01;31m[K^~~~~~~~~~~~[m[K
[0.346s] [01m[K/usr/include/c++/11/csignal:53:11:[m[K [01;31m[Kerror: [m[Kâ€˜[01m[Ksignal[m[Kâ€™ has not been declared in â€˜[01m[K::[m[Kâ€™
[0.346s]    53 |   using ::[01;31m[Ksignal[m[K;
[0.346s]       |           [01;31m[K^~~~~~[m[K
[0.346s] [01m[K/usr/include/c++/11/csignal:54:11:[m[K [01;31m[Kerror: [m[Kâ€˜[01m[Kraise[m[Kâ€™ has not been declared in â€˜[01m[K::[m[Kâ€™
[0.346s]    54 |   using ::[01;31m[Kraise[m[K;
[0.346s]       |           [01;31m[K^~~~~[m[K
[1.577s] gmake[2]: *** [CMakeFiles/firstPublisher.dir/build.make:76: CMakeFiles/firstPublisher.dir/src/first_publisher.cpp.o] Error 1
[1.577s] gmake[1]: *** [CMakeFiles/Makefile2:139: CMakeFiles/firstPublisher.dir/all] Error 2
[1.578s] gmake: *** [Makefile:146: all] Error 2
[1.579s] Invoked command in '/home/etharialle/github/ros_beginner/build/time_sync' returned '2': CMAKE_PREFIX_PATH=${CMAKE_PREFIX_PATH}:/opt/ros/iron /usr/bin/cmake --build /home/etharialle/github/ros_beginner/build/time_sync -- -j32 -l32
